<?xml version="1.0" encoding="UTF-8"?>
<!-- Generated by org.testng.reporters.JUnitReportReporter -->
<testsuite hostname="DESKTOP-T2NFMNH" failures="0" tests="1" name="practice.TestRunTest" time="0.020" errors="0" timestamp="2021-09-10T14:39:54 IST" skipped="0">
  <testcase classname="practice.TestRunTest" name="TestRunTest" time="0.020"/>
  <system-out/>
</testsuite> <!-- practice.TestRunTest -->
